<?xml version="1.0" encoding="UTF-8" ?>
<testsuites errors="2"
            failures="2"
            tests="2">

  <testsuite name="login-tests.login-assert-style-test"
    errors="2" failures="2" hostname="" id="" package="login-tests" skipped="0"
    tests="2" time="12.42" timestamp="">
  
    <testcase name="Simple Login Test - Assert Style - Css Selector" classname="login-tests.login-assert-style-test" time="9.963" assertions="4">

    

    

    

    
    </testcase>
  
    <testcase name="Try login with Blank Credentials" classname="login-tests.login-assert-style-test" time="2.458" assertions="4">

      <failure message="Testing if the page title equals &#34;Log in - EMS&#34; in 1000 ms. - expected [0;32m&#34;Log in - EMS&#34;[0m but got: [0;31m&#34;Home Page - EMS&#34;[0m">    at Object.Try login with Blank Credentials (C:\Users\bilal.h\Documents\nightwatch-bootcamp\tests\login-tests\login-assert-style-test.js:24:21)
    at &lt;anonymous&gt;</failure>

    

      <failure message="Testing if element &lt;#Input_Email-error&gt; contains text: &#34;The Email field is required&#34;. Element could not be located in 1000 ms. - expected [0;32m&#34;The Email field is required&#34;[0m but got: [0;31m&#34;null&#34;[0m">    at Object.Try login with Blank Credentials (C:\Users\bilal.h\Documents\nightwatch-bootcamp\tests\login-tests\login-assert-style-test.js:27:21)
    at &lt;anonymous&gt;</failure>

    <failure message="    at Object.Try login with Blank Credentials (C:\Users\bilal.h\Documents\nightwatch-bootcamp\tests\login-tests\login-assert-style-test.js:27:21)">    at &lt;anonymous&gt;</failure>
    </testcase>
  

  

  
  </testsuite>
</testsuites>
